  [1m[36m (148.9ms)[0m  [1mCREATE TABLE "schema_migrations" ("version" varchar NOT NULL) [0m
  [1m[35m (0.5ms)[0m  select sqlite_version(*)
  [1m[36m (159.6ms)[0m  [1mCREATE UNIQUE INDEX "unique_schema_migrations" ON "schema_migrations" ("version")[0m
  [1m[35mActiveRecord::SchemaMigration Load (0.4ms)[0m  SELECT "schema_migrations".* FROM "schema_migrations"
Migrating to CreateProjects (20160418182348)
  [1m[36m (0.4ms)[0m  [1mbegin transaction[0m
  [1m[35m (1.4ms)[0m  CREATE TABLE "projects" ("id" INTEGER PRIMARY KEY AUTOINCREMENT NOT NULL, "name" varchar, "description" varchar, "created_at" datetime NOT NULL, "updated_at" datetime NOT NULL) 
  [1m[36mSQL (0.7ms)[0m  [1mINSERT INTO "schema_migrations" ("version") VALUES (?)[0m  [["version", "20160418182348"]]
  [1m[35m (170.6ms)[0m  commit transaction
  [1m[36mActiveRecord::SchemaMigration Load (0.7ms)[0m  [1mSELECT "schema_migrations".* FROM "schema_migrations"[0m


Started GET "/" for 127.0.0.1 at 2016-04-18 15:59:05 -0300
  [1m[36mActiveRecord::SchemaMigration Load (0.8ms)[0m  [1mSELECT "schema_migrations".* FROM "schema_migrations"[0m
Processing by ProjectsController#index as HTML
  Rendered projects/index.html.erb within layouts/application (5.2ms)
Completed 200 OK in 1725ms (Views: 1693.6ms | ActiveRecord: 0.0ms)


Started GET "/assets/application.self-e80e8f2318043e8af94dddc2adad5a4f09739a8ebb323b3ab31cd71d45fd9113.css?body=1" for 127.0.0.1 at 2016-04-18 15:59:08 -0300


Started GET "/assets/projects.self-e3b0c44298fc1c149afbf4c8996fb92427ae41e4649b934ca495991b7852b855.css?body=1" for 127.0.0.1 at 2016-04-18 15:59:08 -0300


Started GET "/assets/jquery.self-660adc51e0224b731d29f575a6f1ec167ba08ad06ed5deca4f1e8654c135bf4c.js?body=1" for 127.0.0.1 at 2016-04-18 15:59:08 -0300


Started GET "/assets/jquery_ujs.self-e87806d0cf4489aeb1bb7288016024e8de67fd18db693fe026fe3907581e53cd.js?body=1" for 127.0.0.1 at 2016-04-18 15:59:08 -0300


Started GET "/assets/turbolinks.self-c37727e9bd6b2735da5c311aa83fead54ed0be6cc8bd9a65309e9c5abe2cbfff.js?body=1" for 127.0.0.1 at 2016-04-18 15:59:08 -0300


Started GET "/assets/projects.self-877aef30ae1b040ab8a3aba4e3e309a11d7f2612f44dde450b5c157aa5f95c05.js?body=1" for 127.0.0.1 at 2016-04-18 15:59:08 -0300


Started GET "/assets/application.self-3b8dabdc891efe46b9a144b400ad69e37d7e5876bdc39dee783419a69d7ca819.js?body=1" for 127.0.0.1 at 2016-04-18 15:59:08 -0300


Started GET "/projects/new" for 127.0.0.1 at 2016-04-18 15:59:10 -0300
Processing by ProjectsController#new as HTML
  Rendered projects/_form.html.erb (90.9ms)
  Rendered projects/new.html.erb within layouts/application (100.5ms)
Completed 200 OK in 198ms (Views: 151.2ms | ActiveRecord: 1.7ms)


Started POST "/projects" for 127.0.0.1 at 2016-04-18 15:59:13 -0300
Processing by ProjectsController#create as HTML
  Parameters: {"utf8"=>"✓", "authenticity_token"=>"/BJk1f01uLnHx9feTElsuUWfkCDmDs7U/Y+0ujb+G3r411ZIDDTDZanw6ZdrSaQKD4JmkIWxPDRL6T9VwbB9OQ==", "project"=>{"name"=>"", "description"=>""}, "commit"=>"Create Project"}
  [1m[35m (1.2ms)[0m  begin transaction
  [1m[36m (0.3ms)[0m  [1mrollback transaction[0m
  Rendered projects/_form.html.erb (9.2ms)
  Rendered projects/new.html.erb within layouts/application (12.5ms)
Completed 200 OK in 96ms (Views: 63.9ms | ActiveRecord: 1.5ms)


Started POST "/projects" for 127.0.0.1 at 2016-04-18 15:59:33 -0300
Processing by ProjectsController#create as HTML
  Parameters: {"utf8"=>"✓", "authenticity_token"=>"AVG2xRN7cbF2GtGKy7wOIfqqGfTPF5oXLwQmsm1ZAUsFlIRY4noKbRgt78PsvMaSsLfvRKyoaPeZYq1dmhdnCA==", "project"=>{"name"=>"", "description"=>""}, "commit"=>"Create Project"}
  [1m[35m (0.3ms)[0m  begin transaction
  [1m[36m (0.3ms)[0m  [1mrollback transaction[0m
  Rendered projects/_form.html.erb (7.8ms)
  Rendered projects/new.html.erb within layouts/application (10.2ms)
Completed 200 OK in 129ms (Views: 92.7ms | ActiveRecord: 2.6ms)


Started POST "/projects" for 127.0.0.1 at 2016-04-18 16:00:19 -0300
Processing by ProjectsController#create as HTML
  Parameters: {"utf8"=>"✓", "authenticity_token"=>"mZS8Z4WlYvTuUulUNeQhKHAQ3pSnzC3rlhUv7xRg/iydUY76dKQZKIBl1x0S5OmbOg0oJMRz3wsgc6QA4y6Ybw==", "project"=>{"name"=>"", "description"=>""}, "commit"=>"Create Project"}
  [1m[35m (0.3ms)[0m  begin transaction
  [1m[36m (0.3ms)[0m  [1mrollback transaction[0m
  Rendered projects/_form.html.erb (7.5ms)
  Rendered projects/new.html.erb within layouts/application (9.6ms)
Completed 200 OK in 129ms (Views: 89.0ms | ActiveRecord: 2.9ms)


Started POST "/projects" for 127.0.0.1 at 2016-04-18 16:00:46 -0300
Processing by ProjectsController#create as HTML
  Parameters: {"utf8"=>"✓", "authenticity_token"=>"X8Bd3kfquSX2e6PAR6I5eqHoHKaNRzYOpE4HNZ7NLUJbBW9DtuvC+ZhMnYlgovHJ6/XqFu74xO4SKIzaaYNLAQ==", "project"=>{"name"=>"", "description"=>""}, "commit"=>"Create Project"}
  [1m[35m (0.3ms)[0m  begin transaction
  [1m[36m (0.3ms)[0m  [1mrollback transaction[0m
  Rendered projects/_form.html.erb (7.0ms)
  Rendered projects/new.html.erb within layouts/application (9.1ms)
Completed 200 OK in 108ms (Views: 72.0ms | ActiveRecord: 2.5ms)


Started POST "/projects" for 127.0.0.1 at 2016-04-18 16:01:00 -0300
Processing by ProjectsController#create as HTML
  Parameters: {"utf8"=>"✓", "authenticity_token"=>"X8Bd3kfquSX2e6PAR6I5eqHoHKaNRzYOpE4HNZ7NLUJbBW9DtuvC+ZhMnYlgovHJ6/XqFu74xO4SKIzaaYNLAQ==", "project"=>{"name"=>"", "description"=>""}, "commit"=>"Create Project"}
  [1m[35m (0.3ms)[0m  begin transaction
  [1m[36m (0.4ms)[0m  [1mrollback transaction[0m
  Rendered projects/_form.html.erb (8.1ms)
  Rendered projects/new.html.erb within layouts/application (20.3ms)
Completed 200 OK in 134ms (Views: 114.5ms | ActiveRecord: 0.7ms)


Started GET "/assets/projects.self-e3b0c44298fc1c149afbf4c8996fb92427ae41e4649b934ca495991b7852b855.css?body=1" for 127.0.0.1 at 2016-04-18 16:01:01 -0300


Started GET "/assets/application.self-e80e8f2318043e8af94dddc2adad5a4f09739a8ebb323b3ab31cd71d45fd9113.css?body=1" for 127.0.0.1 at 2016-04-18 16:01:01 -0300


Started GET "/assets/jquery.self-660adc51e0224b731d29f575a6f1ec167ba08ad06ed5deca4f1e8654c135bf4c.js?body=1" for 127.0.0.1 at 2016-04-18 16:01:01 -0300


Started GET "/assets/jquery_ujs.self-e87806d0cf4489aeb1bb7288016024e8de67fd18db693fe026fe3907581e53cd.js?body=1" for 127.0.0.1 at 2016-04-18 16:01:01 -0300


Started GET "/assets/turbolinks.self-c37727e9bd6b2735da5c311aa83fead54ed0be6cc8bd9a65309e9c5abe2cbfff.js?body=1" for 127.0.0.1 at 2016-04-18 16:01:01 -0300


Started GET "/assets/projects.self-877aef30ae1b040ab8a3aba4e3e309a11d7f2612f44dde450b5c157aa5f95c05.js?body=1" for 127.0.0.1 at 2016-04-18 16:01:01 -0300


Started GET "/assets/application.self-3b8dabdc891efe46b9a144b400ad69e37d7e5876bdc39dee783419a69d7ca819.js?body=1" for 127.0.0.1 at 2016-04-18 16:01:01 -0300


Started GET "/projects" for 127.0.0.1 at 2016-04-18 16:01:17 -0300
  [1m[36mActiveRecord::SchemaMigration Load (0.5ms)[0m  [1mSELECT "schema_migrations".* FROM "schema_migrations"[0m
Processing by ProjectsController#index as HTML
  Rendered projects/index.html.erb within layouts/application (14.9ms)
Completed 200 OK in 1095ms (Views: 1060.3ms | ActiveRecord: 0.0ms)


Started GET "/projects/new" for 127.0.0.1 at 2016-04-18 16:01:21 -0300
Processing by ProjectsController#new as HTML
  Rendered projects/_form.html.erb (57.9ms)
  Rendered projects/new.html.erb within layouts/application (69.3ms)
Completed 200 OK in 149ms (Views: 125.0ms | ActiveRecord: 1.5ms)


Started POST "/projects" for 127.0.0.1 at 2016-04-18 16:01:23 -0300
Processing by ProjectsController#create as HTML
  Parameters: {"utf8"=>"✓", "authenticity_token"=>"Zv9/U8RsCgINKg5oH8I8S5D1c2KkQsDgCgUeg0hMcpdiOk3ONW1x3mMdMCE4wvT42uiF0sf9MgC8Y5VsvwIU1A==", "project"=>{"name"=>"", "description"=>""}, "commit"=>"Create Project"}
  [1m[35m (0.3ms)[0m  begin transaction
  [1m[36m (0.3ms)[0m  [1mrollback transaction[0m
  Rendered projects/_form.html.erb (26.7ms)
  Rendered projects/new.html.erb within layouts/application (33.4ms)
Completed 200 OK in 242ms (Views: 203.2ms | ActiveRecord: 0.6ms)


Started POST "/projects" for 127.0.0.1 at 2016-04-18 16:02:00 -0300
Processing by ProjectsController#create as HTML
  Parameters: {"utf8"=>"✓", "authenticity_token"=>"Zv9/U8RsCgINKg5oH8I8S5D1c2KkQsDgCgUeg0hMcpdiOk3ONW1x3mMdMCE4wvT42uiF0sf9MgC8Y5VsvwIU1A==", "project"=>{"name"=>"", "description"=>""}, "commit"=>"Create Project"}
  [1m[35m (1.3ms)[0m  begin transaction
  [1m[36m (0.3ms)[0m  [1mrollback transaction[0m
  Rendered projects/_form.html.erb (12.5ms)
  Rendered projects/new.html.erb within layouts/application (20.4ms)
Completed 200 OK in 208ms (Views: 107.9ms | ActiveRecord: 11.7ms)


Started GET "/assets/application.self-e80e8f2318043e8af94dddc2adad5a4f09739a8ebb323b3ab31cd71d45fd9113.css?body=1" for 127.0.0.1 at 2016-04-18 16:02:01 -0300


Started GET "/assets/jquery.self-660adc51e0224b731d29f575a6f1ec167ba08ad06ed5deca4f1e8654c135bf4c.js?body=1" for 127.0.0.1 at 2016-04-18 16:02:01 -0300


Started GET "/assets/projects.self-e3b0c44298fc1c149afbf4c8996fb92427ae41e4649b934ca495991b7852b855.css?body=1" for 127.0.0.1 at 2016-04-18 16:02:01 -0300


Started GET "/assets/jquery_ujs.self-e87806d0cf4489aeb1bb7288016024e8de67fd18db693fe026fe3907581e53cd.js?body=1" for 127.0.0.1 at 2016-04-18 16:02:01 -0300


Started GET "/assets/turbolinks.self-c37727e9bd6b2735da5c311aa83fead54ed0be6cc8bd9a65309e9c5abe2cbfff.js?body=1" for 127.0.0.1 at 2016-04-18 16:02:01 -0300


Started GET "/assets/projects.self-877aef30ae1b040ab8a3aba4e3e309a11d7f2612f44dde450b5c157aa5f95c05.js?body=1" for 127.0.0.1 at 2016-04-18 16:02:01 -0300


Started GET "/assets/application.self-3b8dabdc891efe46b9a144b400ad69e37d7e5876bdc39dee783419a69d7ca819.js?body=1" for 127.0.0.1 at 2016-04-18 16:02:01 -0300


Started POST "/projects" for 127.0.0.1 at 2016-04-18 16:02:02 -0300
Processing by ProjectsController#create as HTML
  Parameters: {"utf8"=>"✓", "authenticity_token"=>"fcKBjuxD9jzQVWsiRrs0WHSlPvw60VNqPAEcPo3oc7l5B7MTHUKN4L5iVWthu/zrPrjITFluoYqKZ5fReqYV+g==", "project"=>{"name"=>"", "description"=>""}, "commit"=>"Create Project"}
  [1m[35m (0.3ms)[0m  begin transaction
  [1m[36m (0.9ms)[0m  [1mrollback transaction[0m
  Rendered projects/_form.html.erb (15.7ms)
  Rendered projects/new.html.erb within layouts/application (18.7ms)
Completed 200 OK in 119ms (Views: 94.4ms | ActiveRecord: 1.2ms)


Started POST "/projects" for 127.0.0.1 at 2016-04-18 16:02:12 -0300
Processing by ProjectsController#create as HTML
  Parameters: {"utf8"=>"✓", "authenticity_token"=>"2YZoTalSDLKxb+YKKUUszmZdfvDiIQx7L8ey3UpWWMrdQ1rQWFN3bt9Y2EMOReR9LECIQIGe/puZoTkyvRg+iQ==", "project"=>{"name"=>"", "description"=>""}, "commit"=>"Create Project"}
  [1m[35m (0.4ms)[0m  begin transaction
  [1m[36m (0.3ms)[0m  [1mrollback transaction[0m
  Rendered projects/_form.html.erb (7.1ms)
  Rendered projects/new.html.erb within layouts/application (10.4ms)
Completed 200 OK in 120ms (Views: 91.3ms | ActiveRecord: 0.7ms)


Started POST "/projects" for 127.0.0.1 at 2016-04-18 16:02:27 -0300
Processing by ProjectsController#create as HTML
  Parameters: {"utf8"=>"✓", "authenticity_token"=>"2YZoTalSDLKxb+YKKUUszmZdfvDiIQx7L8ey3UpWWMrdQ1rQWFN3bt9Y2EMOReR9LECIQIGe/puZoTkyvRg+iQ==", "project"=>{"name"=>"", "description"=>""}, "commit"=>"Create Project"}
  [1m[35m (0.4ms)[0m  begin transaction
  [1m[36m (0.2ms)[0m  [1mrollback transaction[0m
  Rendered projects/_form.html.erb (9.8ms)
  Rendered projects/new.html.erb within layouts/application (13.2ms)
Completed 200 OK in 84ms (Views: 64.8ms | ActiveRecord: 0.6ms)


Started GET "/assets/application.self-e80e8f2318043e8af94dddc2adad5a4f09739a8ebb323b3ab31cd71d45fd9113.css?body=1" for 127.0.0.1 at 2016-04-18 16:02:28 -0300


Started GET "/assets/jquery_ujs.self-e87806d0cf4489aeb1bb7288016024e8de67fd18db693fe026fe3907581e53cd.js?body=1" for 127.0.0.1 at 2016-04-18 16:02:28 -0300


Started GET "/assets/turbolinks.self-c37727e9bd6b2735da5c311aa83fead54ed0be6cc8bd9a65309e9c5abe2cbfff.js?body=1" for 127.0.0.1 at 2016-04-18 16:02:28 -0300


Started GET "/assets/jquery.self-660adc51e0224b731d29f575a6f1ec167ba08ad06ed5deca4f1e8654c135bf4c.js?body=1" for 127.0.0.1 at 2016-04-18 16:02:28 -0300


Started GET "/assets/projects.self-e3b0c44298fc1c149afbf4c8996fb92427ae41e4649b934ca495991b7852b855.css?body=1" for 127.0.0.1 at 2016-04-18 16:02:28 -0300


Started GET "/assets/projects.self-877aef30ae1b040ab8a3aba4e3e309a11d7f2612f44dde450b5c157aa5f95c05.js?body=1" for 127.0.0.1 at 2016-04-18 16:02:28 -0300


Started GET "/assets/application.self-3b8dabdc891efe46b9a144b400ad69e37d7e5876bdc39dee783419a69d7ca819.js?body=1" for 127.0.0.1 at 2016-04-18 16:02:28 -0300


Started POST "/projects" for 127.0.0.1 at 2016-04-18 16:02:49 -0300
Processing by ProjectsController#create as HTML
  Parameters: {"utf8"=>"✓", "authenticity_token"=>"CEEZ3DSFUBsz2BdsdjoTRXOHxQuwW7ZaPATK/GFGXIIMhCtBxYQrx13vKSVROtv2OZozu9PkRLqKYkETlgg6wQ==", "project"=>{"name"=>"", "description"=>""}, "commit"=>"Create Project"}
  [1m[35m (0.3ms)[0m  begin transaction
  [1m[36m (0.3ms)[0m  [1mrollback transaction[0m
  Rendered projects/_form.html.erb (7.7ms)
  Rendered projects/new.html.erb within layouts/application (10.1ms)
Completed 200 OK in 109ms (Views: 70.8ms | ActiveRecord: 2.5ms)


Started POST "/projects" for 127.0.0.1 at 2016-04-18 16:04:04 -0300
Processing by ProjectsController#create as HTML
  Parameters: {"utf8"=>"✓", "authenticity_token"=>"UMftfQuY53fSXCOjhGu6nKokIPfT9zJg4JCSS/gKNNFUAt/g+pmcq7xrHeqja3Iv4DnWR7BIwIBW9hmkD0RSkg==", "project"=>{"name"=>"", "description"=>""}, "commit"=>"Create Project"}
  [1m[35m (0.3ms)[0m  begin transaction
  [1m[36m (0.5ms)[0m  [1mrollback transaction[0m
  Rendered projects/_form.html.erb (9.2ms)
  Rendered projects/new.html.erb within layouts/application (11.9ms)
Completed 200 OK in 129ms (Views: 76.5ms | ActiveRecord: 2.7ms)


Started POST "/projects" for 127.0.0.1 at 2016-04-18 16:04:20 -0300
Processing by ProjectsController#create as HTML
  Parameters: {"utf8"=>"✓", "authenticity_token"=>"UMftfQuY53fSXCOjhGu6nKokIPfT9zJg4JCSS/gKNNFUAt/g+pmcq7xrHeqja3Iv4DnWR7BIwIBW9hmkD0RSkg==", "project"=>{"name"=>"", "description"=>""}, "commit"=>"Create Project"}
  [1m[35m (0.3ms)[0m  begin transaction
  [1m[36m (0.3ms)[0m  [1mrollback transaction[0m
  Rendered projects/_form.html.erb (9.0ms)
  Rendered projects/new.html.erb within layouts/application (10.9ms)
Completed 200 OK in 81ms (Views: 64.1ms | ActiveRecord: 0.5ms)


Started GET "/assets/projects.self-e3b0c44298fc1c149afbf4c8996fb92427ae41e4649b934ca495991b7852b855.css?body=1" for 127.0.0.1 at 2016-04-18 16:04:21 -0300


Started GET "/assets/application.self-e80e8f2318043e8af94dddc2adad5a4f09739a8ebb323b3ab31cd71d45fd9113.css?body=1" for 127.0.0.1 at 2016-04-18 16:04:21 -0300


Started GET "/assets/jquery_ujs.self-e87806d0cf4489aeb1bb7288016024e8de67fd18db693fe026fe3907581e53cd.js?body=1" for 127.0.0.1 at 2016-04-18 16:04:21 -0300


Started GET "/assets/jquery.self-660adc51e0224b731d29f575a6f1ec167ba08ad06ed5deca4f1e8654c135bf4c.js?body=1" for 127.0.0.1 at 2016-04-18 16:04:21 -0300


Started GET "/assets/turbolinks.self-c37727e9bd6b2735da5c311aa83fead54ed0be6cc8bd9a65309e9c5abe2cbfff.js?body=1" for 127.0.0.1 at 2016-04-18 16:04:21 -0300


Started GET "/assets/application.self-3b8dabdc891efe46b9a144b400ad69e37d7e5876bdc39dee783419a69d7ca819.js?body=1" for 127.0.0.1 at 2016-04-18 16:04:21 -0300


Started GET "/assets/projects.self-877aef30ae1b040ab8a3aba4e3e309a11d7f2612f44dde450b5c157aa5f95c05.js?body=1" for 127.0.0.1 at 2016-04-18 16:04:21 -0300


Started POST "/projects" for 127.0.0.1 at 2016-04-18 16:05:37 -0300
Processing by ProjectsController#create as HTML
  Parameters: {"utf8"=>"✓", "authenticity_token"=>"UMftfQuY53fSXCOjhGu6nKokIPfT9zJg4JCSS/gKNNFUAt/g+pmcq7xrHeqja3Iv4DnWR7BIwIBW9hmkD0RSkg==", "project"=>{"name"=>"", "description"=>""}, "commit"=>"Create Project"}
  [1m[35m (0.3ms)[0m  begin transaction
  [1m[36m (0.4ms)[0m  [1mrollback transaction[0m
  Rendered projects/_form.html.erb (10.4ms)
  Rendered projects/new.html.erb within layouts/application (12.6ms)
Completed 200 OK in 153ms (Views: 93.4ms | ActiveRecord: 6.4ms)


Started GET "/assets/projects.self-e3b0c44298fc1c149afbf4c8996fb92427ae41e4649b934ca495991b7852b855.css?body=1" for 127.0.0.1 at 2016-04-18 16:05:38 -0300


Started GET "/assets/application.self-e80e8f2318043e8af94dddc2adad5a4f09739a8ebb323b3ab31cd71d45fd9113.css?body=1" for 127.0.0.1 at 2016-04-18 16:05:39 -0300


Started GET "/assets/jquery.self-660adc51e0224b731d29f575a6f1ec167ba08ad06ed5deca4f1e8654c135bf4c.js?body=1" for 127.0.0.1 at 2016-04-18 16:05:39 -0300


Started GET "/assets/jquery_ujs.self-e87806d0cf4489aeb1bb7288016024e8de67fd18db693fe026fe3907581e53cd.js?body=1" for 127.0.0.1 at 2016-04-18 16:05:39 -0300


Started GET "/assets/projects.self-877aef30ae1b040ab8a3aba4e3e309a11d7f2612f44dde450b5c157aa5f95c05.js?body=1" for 127.0.0.1 at 2016-04-18 16:05:39 -0300


Started GET "/assets/turbolinks.self-c37727e9bd6b2735da5c311aa83fead54ed0be6cc8bd9a65309e9c5abe2cbfff.js?body=1" for 127.0.0.1 at 2016-04-18 16:05:39 -0300


Started GET "/assets/application.self-3b8dabdc891efe46b9a144b400ad69e37d7e5876bdc39dee783419a69d7ca819.js?body=1" for 127.0.0.1 at 2016-04-18 16:05:39 -0300


Started POST "/projects" for 127.0.0.1 at 2016-04-18 16:06:17 -0300
Processing by ProjectsController#create as HTML
  Parameters: {"utf8"=>"✓", "authenticity_token"=>"UMftfQuY53fSXCOjhGu6nKokIPfT9zJg4JCSS/gKNNFUAt/g+pmcq7xrHeqja3Iv4DnWR7BIwIBW9hmkD0RSkg==", "project"=>{"name"=>"", "description"=>""}, "commit"=>"Create Project"}
  [1m[35m (0.4ms)[0m  begin transaction
  [1m[36m (0.3ms)[0m  [1mrollback transaction[0m
  Rendered projects/_form.html.erb (10.0ms)
  Rendered projects/new.html.erb within layouts/application (12.5ms)
Completed 200 OK in 150ms (Views: 98.2ms | ActiveRecord: 2.6ms)


Started GET "/assets/projects.self-e3b0c44298fc1c149afbf4c8996fb92427ae41e4649b934ca495991b7852b855.css?body=1" for 127.0.0.1 at 2016-04-18 16:06:18 -0300


Started GET "/assets/application.self-e80e8f2318043e8af94dddc2adad5a4f09739a8ebb323b3ab31cd71d45fd9113.css?body=1" for 127.0.0.1 at 2016-04-18 16:06:18 -0300


Started GET "/assets/jquery.self-660adc51e0224b731d29f575a6f1ec167ba08ad06ed5deca4f1e8654c135bf4c.js?body=1" for 127.0.0.1 at 2016-04-18 16:06:19 -0300


Started GET "/assets/jquery_ujs.self-e87806d0cf4489aeb1bb7288016024e8de67fd18db693fe026fe3907581e53cd.js?body=1" for 127.0.0.1 at 2016-04-18 16:06:19 -0300


Started GET "/assets/turbolinks.self-c37727e9bd6b2735da5c311aa83fead54ed0be6cc8bd9a65309e9c5abe2cbfff.js?body=1" for 127.0.0.1 at 2016-04-18 16:06:19 -0300


Started GET "/assets/projects.self-877aef30ae1b040ab8a3aba4e3e309a11d7f2612f44dde450b5c157aa5f95c05.js?body=1" for 127.0.0.1 at 2016-04-18 16:06:19 -0300


Started GET "/assets/application.self-3b8dabdc891efe46b9a144b400ad69e37d7e5876bdc39dee783419a69d7ca819.js?body=1" for 127.0.0.1 at 2016-04-18 16:06:19 -0300


Started POST "/projects" for 127.0.0.1 at 2016-04-18 16:06:49 -0300
Processing by ProjectsController#create as HTML
  Parameters: {"utf8"=>"✓", "authenticity_token"=>"UMftfQuY53fSXCOjhGu6nKokIPfT9zJg4JCSS/gKNNFUAt/g+pmcq7xrHeqja3Iv4DnWR7BIwIBW9hmkD0RSkg==", "project"=>{"name"=>"", "description"=>""}, "commit"=>"Create Project"}
  [1m[35m (0.3ms)[0m  begin transaction
  [1m[36m (0.3ms)[0m  [1mrollback transaction[0m
  Rendered projects/_form.html.erb (9.5ms)
  Rendered projects/new.html.erb within layouts/application (12.9ms)
Completed 200 OK in 103ms (Views: 87.9ms | ActiveRecord: 0.6ms)


Started GET "/assets/projects.self-e3b0c44298fc1c149afbf4c8996fb92427ae41e4649b934ca495991b7852b855.css?body=1" for 127.0.0.1 at 2016-04-18 16:06:50 -0300


Started GET "/assets/application.self-e80e8f2318043e8af94dddc2adad5a4f09739a8ebb323b3ab31cd71d45fd9113.css?body=1" for 127.0.0.1 at 2016-04-18 16:06:51 -0300


Started GET "/assets/jquery.self-660adc51e0224b731d29f575a6f1ec167ba08ad06ed5deca4f1e8654c135bf4c.js?body=1" for 127.0.0.1 at 2016-04-18 16:06:51 -0300


Started GET "/assets/jquery_ujs.self-e87806d0cf4489aeb1bb7288016024e8de67fd18db693fe026fe3907581e53cd.js?body=1" for 127.0.0.1 at 2016-04-18 16:06:51 -0300


Started GET "/assets/turbolinks.self-c37727e9bd6b2735da5c311aa83fead54ed0be6cc8bd9a65309e9c5abe2cbfff.js?body=1" for 127.0.0.1 at 2016-04-18 16:06:51 -0300


Started GET "/assets/projects.self-877aef30ae1b040ab8a3aba4e3e309a11d7f2612f44dde450b5c157aa5f95c05.js?body=1" for 127.0.0.1 at 2016-04-18 16:06:51 -0300


Started GET "/assets/application.self-3b8dabdc891efe46b9a144b400ad69e37d7e5876bdc39dee783419a69d7ca819.js?body=1" for 127.0.0.1 at 2016-04-18 16:06:51 -0300


Started POST "/projects" for 127.0.0.1 at 2016-04-18 16:08:42 -0300
Processing by ProjectsController#create as HTML
  Parameters: {"utf8"=>"✓", "authenticity_token"=>"DkCBrc9TvDpw0ku/tkUawl0ovu2PtIO6PXLOP1inrBQKhbMwPlLH5h7ldfaRRdJxFzVIXewLcVqLFEXQr+nKVw==", "project"=>{"name"=>"", "description"=>""}, "commit"=>"Create Project"}
  [1m[35m (0.3ms)[0m  begin transaction
  [1m[36m (0.3ms)[0m  [1mrollback transaction[0m
  Rendered projects/_form.html.erb (26.3ms)
  Rendered projects/new.html.erb within layouts/application (31.0ms)
Completed 200 OK in 154ms (Views: 111.7ms | ActiveRecord: 3.1ms)


Started POST "/projects" for 127.0.0.1 at 2016-04-18 16:10:32 -0300
Processing by ProjectsController#create as HTML
  Parameters: {"utf8"=>"✓", "authenticity_token"=>"DkCBrc9TvDpw0ku/tkUawl0ovu2PtIO6PXLOP1inrBQKhbMwPlLH5h7ldfaRRdJxFzVIXewLcVqLFEXQr+nKVw==", "project"=>{"name"=>"", "description"=>""}, "commit"=>"Create Project"}
  [1m[35m (0.3ms)[0m  begin transaction
  [1m[36m (0.4ms)[0m  [1mrollback transaction[0m
  Rendered projects/_form.html.erb (5.0ms)
  Rendered projects/new.html.erb within layouts/application (7.2ms)
Completed 500 Internal Server Error in 33ms (ActiveRecord: 0.7ms)

SyntaxError (/home/geovanny/Ticketee/app/views/projects/_form.html.erb:15: syntax error, unexpected '<', expecting ')'
  </p>
   ^
/home/geovanny/Ticketee/app/views/projects/_form.html.erb:15: unterminated regexp meets end of file):
  app/views/projects/_form.html.erb:15: syntax error, unexpected '<', expecting ')'
  app/views/projects/_form.html.erb:15: unterminated regexp meets end of file
  app/views/projects/new.html.erb:1:in `_app_views_projects_new_html_erb___3804166306862701130_19578640'
  app/controllers/projects_controller.rb:18:in `create'


  Rendered vendor/bundle/gems/actionpack-4.2.5/lib/action_dispatch/middleware/templates/rescues/_source.erb (32.9ms)
  Rendered vendor/bundle/gems/actionpack-4.2.5/lib/action_dispatch/middleware/templates/rescues/_trace.html.erb (14.5ms)
  Rendered vendor/bundle/gems/actionpack-4.2.5/lib/action_dispatch/middleware/templates/rescues/_request_and_response.html.erb (5.1ms)
  Rendered vendor/bundle/gems/actionpack-4.2.5/lib/action_dispatch/middleware/templates/rescues/diagnostics.html.erb within rescues/layout (101.9ms)
  Rendered vendor/bundle/gems/web-console-2.3.0/lib/web_console/templates/_markup.html.erb (1.9ms)
  Rendered vendor/bundle/gems/web-console-2.3.0/lib/web_console/templates/_inner_console_markup.html.erb within layouts/inlined_string (1.5ms)
  Rendered vendor/bundle/gems/web-console-2.3.0/lib/web_console/templates/_prompt_box_markup.html.erb within layouts/inlined_string (1.3ms)
  Rendered vendor/bundle/gems/web-console-2.3.0/lib/web_console/templates/style.css.erb within layouts/inlined_string (1.6ms)
  Rendered vendor/bundle/gems/web-console-2.3.0/lib/web_console/templates/console.js.erb within layouts/javascript (68.6ms)
  Rendered vendor/bundle/gems/web-console-2.3.0/lib/web_console/templates/main.js.erb within layouts/javascript (1.8ms)
  Rendered vendor/bundle/gems/web-console-2.3.0/lib/web_console/templates/error_page.js.erb within layouts/javascript (2.0ms)
  Rendered vendor/bundle/gems/web-console-2.3.0/lib/web_console/templates/index.html.erb (199.3ms)


Started POST "/projects" for 127.0.0.1 at 2016-04-18 16:10:44 -0300
Processing by ProjectsController#create as HTML
  Parameters: {"utf8"=>"✓", "authenticity_token"=>"DkCBrc9TvDpw0ku/tkUawl0ovu2PtIO6PXLOP1inrBQKhbMwPlLH5h7ldfaRRdJxFzVIXewLcVqLFEXQr+nKVw==", "project"=>{"name"=>"", "description"=>""}, "commit"=>"Create Project"}
  [1m[35m (0.3ms)[0m  begin transaction
  [1m[36m (0.3ms)[0m  [1mrollback transaction[0m
  Rendered projects/_form.html.erb (12.1ms)
  Rendered projects/new.html.erb within layouts/application (16.0ms)
Completed 200 OK in 90ms (Views: 72.4ms | ActiveRecord: 0.6ms)


Started GET "/assets/projects.self-e3b0c44298fc1c149afbf4c8996fb92427ae41e4649b934ca495991b7852b855.css?body=1" for 127.0.0.1 at 2016-04-18 16:10:45 -0300


Started GET "/assets/application.self-e80e8f2318043e8af94dddc2adad5a4f09739a8ebb323b3ab31cd71d45fd9113.css?body=1" for 127.0.0.1 at 2016-04-18 16:10:45 -0300


Started GET "/assets/jquery.self-660adc51e0224b731d29f575a6f1ec167ba08ad06ed5deca4f1e8654c135bf4c.js?body=1" for 127.0.0.1 at 2016-04-18 16:10:45 -0300


Started GET "/assets/jquery_ujs.self-e87806d0cf4489aeb1bb7288016024e8de67fd18db693fe026fe3907581e53cd.js?body=1" for 127.0.0.1 at 2016-04-18 16:10:45 -0300


Started GET "/assets/turbolinks.self-c37727e9bd6b2735da5c311aa83fead54ed0be6cc8bd9a65309e9c5abe2cbfff.js?body=1" for 127.0.0.1 at 2016-04-18 16:10:45 -0300


Started GET "/assets/projects.self-877aef30ae1b040ab8a3aba4e3e309a11d7f2612f44dde450b5c157aa5f95c05.js?body=1" for 127.0.0.1 at 2016-04-18 16:10:45 -0300


Started GET "/assets/application.self-3b8dabdc891efe46b9a144b400ad69e37d7e5876bdc39dee783419a69d7ca819.js?body=1" for 127.0.0.1 at 2016-04-18 16:10:45 -0300


Started POST "/projects" for 127.0.0.1 at 2016-04-18 16:11:56 -0300
Processing by ProjectsController#create as HTML
  Parameters: {"utf8"=>"✓", "authenticity_token"=>"DkCBrc9TvDpw0ku/tkUawl0ovu2PtIO6PXLOP1inrBQKhbMwPlLH5h7ldfaRRdJxFzVIXewLcVqLFEXQr+nKVw==", "project"=>{"name"=>"", "description"=>""}, "commit"=>"Create Project"}
  [1m[35m (0.2ms)[0m  begin transaction
  [1m[36m (0.4ms)[0m  [1mrollback transaction[0m
  Rendered projects/_form.html.erb (10.1ms)
  Rendered projects/new.html.erb within layouts/application (13.6ms)
Completed 200 OK in 135ms (Views: 84.2ms | ActiveRecord: 2.5ms)


Started GET "/assets/projects.self-e3b0c44298fc1c149afbf4c8996fb92427ae41e4649b934ca495991b7852b855.css?body=1" for 127.0.0.1 at 2016-04-18 16:11:58 -0300


Started GET "/assets/application.self-e80e8f2318043e8af94dddc2adad5a4f09739a8ebb323b3ab31cd71d45fd9113.css?body=1" for 127.0.0.1 at 2016-04-18 16:11:58 -0300


Started GET "/assets/jquery.self-660adc51e0224b731d29f575a6f1ec167ba08ad06ed5deca4f1e8654c135bf4c.js?body=1" for 127.0.0.1 at 2016-04-18 16:11:58 -0300


Started GET "/assets/jquery_ujs.self-e87806d0cf4489aeb1bb7288016024e8de67fd18db693fe026fe3907581e53cd.js?body=1" for 127.0.0.1 at 2016-04-18 16:11:58 -0300


Started GET "/assets/turbolinks.self-c37727e9bd6b2735da5c311aa83fead54ed0be6cc8bd9a65309e9c5abe2cbfff.js?body=1" for 127.0.0.1 at 2016-04-18 16:11:58 -0300


Started GET "/assets/projects.self-877aef30ae1b040ab8a3aba4e3e309a11d7f2612f44dde450b5c157aa5f95c05.js?body=1" for 127.0.0.1 at 2016-04-18 16:11:58 -0300


Started GET "/assets/application.self-3b8dabdc891efe46b9a144b400ad69e37d7e5876bdc39dee783419a69d7ca819.js?body=1" for 127.0.0.1 at 2016-04-18 16:11:58 -0300


Started POST "/projects" for 127.0.0.1 at 2016-04-18 16:12:11 -0300
Processing by ProjectsController#create as HTML
  Parameters: {"utf8"=>"✓", "authenticity_token"=>"DkCBrc9TvDpw0ku/tkUawl0ovu2PtIO6PXLOP1inrBQKhbMwPlLH5h7ldfaRRdJxFzVIXewLcVqLFEXQr+nKVw==", "project"=>{"name"=>"", "description"=>""}, "commit"=>"Create Project"}
  [1m[35m (0.2ms)[0m  begin transaction
  [1m[36m (0.2ms)[0m  [1mrollback transaction[0m
  Rendered projects/_form.html.erb (8.2ms)
  Rendered projects/new.html.erb within layouts/application (10.1ms)
Completed 200 OK in 100ms (Views: 65.7ms | ActiveRecord: 2.2ms)


Started GET "/assets/projects.self-e3b0c44298fc1c149afbf4c8996fb92427ae41e4649b934ca495991b7852b855.css?body=1" for 127.0.0.1 at 2016-04-18 16:12:12 -0300


Started GET "/assets/application.self-e80e8f2318043e8af94dddc2adad5a4f09739a8ebb323b3ab31cd71d45fd9113.css?body=1" for 127.0.0.1 at 2016-04-18 16:12:12 -0300


Started GET "/assets/jquery.self-660adc51e0224b731d29f575a6f1ec167ba08ad06ed5deca4f1e8654c135bf4c.js?body=1" for 127.0.0.1 at 2016-04-18 16:12:12 -0300


Started GET "/assets/jquery_ujs.self-e87806d0cf4489aeb1bb7288016024e8de67fd18db693fe026fe3907581e53cd.js?body=1" for 127.0.0.1 at 2016-04-18 16:12:12 -0300


Started GET "/assets/turbolinks.self-c37727e9bd6b2735da5c311aa83fead54ed0be6cc8bd9a65309e9c5abe2cbfff.js?body=1" for 127.0.0.1 at 2016-04-18 16:12:12 -0300


Started GET "/assets/projects.self-877aef30ae1b040ab8a3aba4e3e309a11d7f2612f44dde450b5c157aa5f95c05.js?body=1" for 127.0.0.1 at 2016-04-18 16:12:12 -0300


Started GET "/assets/application.self-3b8dabdc891efe46b9a144b400ad69e37d7e5876bdc39dee783419a69d7ca819.js?body=1" for 127.0.0.1 at 2016-04-18 16:12:12 -0300


Started POST "/projects" for 127.0.0.1 at 2016-04-18 16:17:52 -0300
Processing by ProjectsController#create as HTML
  Parameters: {"utf8"=>"✓", "authenticity_token"=>"5490XGhBCalqzVCVCv8iDqdUWr0DNGczQgagvvVoJJzjSkbBmUBydQT6btwt/+q97UmsDWCLldP0YCtRAiZC3w==", "project"=>{"name"=>"", "description"=>""}, "commit"=>"Create Project"}
  [1m[35m (0.3ms)[0m  begin transaction
  [1m[36m (0.3ms)[0m  [1mrollback transaction[0m
  Rendered projects/_form.html.erb (13.8ms)
  Rendered projects/new.html.erb within layouts/application (15.8ms)
Completed 200 OK in 181ms (Views: 95.7ms | ActiveRecord: 3.3ms)


Started POST "/projects" for 127.0.0.1 at 2016-04-18 16:18:37 -0300
Processing by ProjectsController#create as HTML
  Parameters: {"utf8"=>"✓", "authenticity_token"=>"5490XGhBCalqzVCVCv8iDqdUWr0DNGczQgagvvVoJJzjSkbBmUBydQT6btwt/+q97UmsDWCLldP0YCtRAiZC3w==", "project"=>{"name"=>"", "description"=>""}, "commit"=>"Create Project"}
  [1m[35m (0.3ms)[0m  begin transaction
  [1m[36m (0.3ms)[0m  [1mrollback transaction[0m
  Rendered projects/_form.html.erb (7.9ms)
  Rendered projects/new.html.erb within layouts/application (10.6ms)
Completed 200 OK in 141ms (Views: 87.3ms | ActiveRecord: 8.1ms)


Started GET "/assets/application.self-e80e8f2318043e8af94dddc2adad5a4f09739a8ebb323b3ab31cd71d45fd9113.css?body=1" for 127.0.0.1 at 2016-04-18 16:18:38 -0300


Started GET "/assets/projects.self-e3b0c44298fc1c149afbf4c8996fb92427ae41e4649b934ca495991b7852b855.css?body=1" for 127.0.0.1 at 2016-04-18 16:18:38 -0300


Started GET "/assets/jquery_ujs.self-e87806d0cf4489aeb1bb7288016024e8de67fd18db693fe026fe3907581e53cd.js?body=1" for 127.0.0.1 at 2016-04-18 16:18:38 -0300


Started GET "/assets/jquery.self-660adc51e0224b731d29f575a6f1ec167ba08ad06ed5deca4f1e8654c135bf4c.js?body=1" for 127.0.0.1 at 2016-04-18 16:18:38 -0300


Started GET "/assets/turbolinks.self-c37727e9bd6b2735da5c311aa83fead54ed0be6cc8bd9a65309e9c5abe2cbfff.js?body=1" for 127.0.0.1 at 2016-04-18 16:18:38 -0300


Started GET "/assets/projects.self-877aef30ae1b040ab8a3aba4e3e309a11d7f2612f44dde450b5c157aa5f95c05.js?body=1" for 127.0.0.1 at 2016-04-18 16:18:39 -0300


Started GET "/assets/application.self-3b8dabdc891efe46b9a144b400ad69e37d7e5876bdc39dee783419a69d7ca819.js?body=1" for 127.0.0.1 at 2016-04-18 16:18:39 -0300


Started POST "/projects" for 127.0.0.1 at 2016-04-18 16:19:24 -0300
Processing by ProjectsController#create as HTML
  Parameters: {"utf8"=>"✓", "authenticity_token"=>"5490XGhBCalqzVCVCv8iDqdUWr0DNGczQgagvvVoJJzjSkbBmUBydQT6btwt/+q97UmsDWCLldP0YCtRAiZC3w==", "project"=>{"name"=>"", "description"=>""}, "commit"=>"Create Project"}
  [1m[35m (0.3ms)[0m  begin transaction
  [1m[36m (0.4ms)[0m  [1mrollback transaction[0m
  Rendered projects/_form.html.erb (9.7ms)
  Rendered projects/new.html.erb within layouts/application (11.6ms)
Completed 200 OK in 113ms (Views: 73.4ms | ActiveRecord: 2.4ms)


Started GET "/assets/projects.self-e3b0c44298fc1c149afbf4c8996fb92427ae41e4649b934ca495991b7852b855.css?body=1" for 127.0.0.1 at 2016-04-18 16:19:25 -0300


Started GET "/assets/application.self-e80e8f2318043e8af94dddc2adad5a4f09739a8ebb323b3ab31cd71d45fd9113.css?body=1" for 127.0.0.1 at 2016-04-18 16:19:25 -0300


Started GET "/assets/jquery.self-660adc51e0224b731d29f575a6f1ec167ba08ad06ed5deca4f1e8654c135bf4c.js?body=1" for 127.0.0.1 at 2016-04-18 16:19:25 -0300


Started GET "/assets/jquery_ujs.self-e87806d0cf4489aeb1bb7288016024e8de67fd18db693fe026fe3907581e53cd.js?body=1" for 127.0.0.1 at 2016-04-18 16:19:25 -0300


Started GET "/assets/turbolinks.self-c37727e9bd6b2735da5c311aa83fead54ed0be6cc8bd9a65309e9c5abe2cbfff.js?body=1" for 127.0.0.1 at 2016-04-18 16:19:25 -0300


Started GET "/assets/projects.self-877aef30ae1b040ab8a3aba4e3e309a11d7f2612f44dde450b5c157aa5f95c05.js?body=1" for 127.0.0.1 at 2016-04-18 16:19:25 -0300


Started GET "/assets/application.self-3b8dabdc891efe46b9a144b400ad69e37d7e5876bdc39dee783419a69d7ca819.js?body=1" for 127.0.0.1 at 2016-04-18 16:19:25 -0300


Started POST "/projects" for 127.0.0.1 at 2016-04-18 16:19:55 -0300
Processing by ProjectsController#create as HTML
  Parameters: {"utf8"=>"✓", "authenticity_token"=>"B7nbYtBESqFfNG0D7avJqGCQsvWfHKmMO+JYNhR39eYDfOn/IUUxfTEDU0rKqwEbKo1ERfyjW2yNhNPZ4zmTpQ==", "project"=>{"name"=>"", "description"=>""}, "commit"=>"Create Project"}
  [1m[35m (0.3ms)[0m  begin transaction
  [1m[36m (0.2ms)[0m  [1mrollback transaction[0m
  Rendered projects/_form.html.erb (9.7ms)
  Rendered projects/new.html.erb within layouts/application (11.8ms)
Completed 200 OK in 127ms (Views: 72.7ms | ActiveRecord: 0.5ms)
  [1m[36mActiveRecord::SchemaMigration Load (0.5ms)[0m  [1mSELECT "schema_migrations".* FROM "schema_migrations"[0m
Migrating to CreateTickets (20160421175416)
  [1m[35m (0.3ms)[0m  begin transaction
  [1m[36m (1.1ms)[0m  [1mCREATE TABLE "tickets" ("id" INTEGER PRIMARY KEY AUTOINCREMENT NOT NULL, "title" varchar, "description" varchar, "created_at" datetime NOT NULL, "updated_at" datetime NOT NULL) [0m
  [1m[35mSQL (0.7ms)[0m  INSERT INTO "schema_migrations" ("version") VALUES (?)  [["version", "20160421175416"]]
  [1m[36m (177.6ms)[0m  [1mcommit transaction[0m
  [1m[35mActiveRecord::SchemaMigration Load (0.8ms)[0m  SELECT "schema_migrations".* FROM "schema_migrations"
  [1m[36mActiveRecord::SchemaMigration Load (0.5ms)[0m  [1mSELECT "schema_migrations".* FROM "schema_migrations"[0m
Migrating to AddProjectIdToTicket (20160421181219)
  [1m[35m (0.3ms)[0m  begin transaction
  [1m[36m (1.1ms)[0m  [1mALTER TABLE "tickets" ADD "project_id_id" integer[0m
  [1m[35m (0.3ms)[0m  select sqlite_version(*)
  [1m[36m (22.1ms)[0m  [1mCREATE  INDEX "index_tickets_on_project_id_id" ON "tickets" ("project_id_id")[0m
  [1m[35mSQL (0.7ms)[0m  INSERT INTO "schema_migrations" ("version") VALUES (?)  [["version", "20160421181219"]]
  [1m[36m (142.3ms)[0m  [1mcommit transaction[0m
  [1m[35mActiveRecord::SchemaMigration Load (0.5ms)[0m  SELECT "schema_migrations".* FROM "schema_migrations"
  [1m[36m (0.5ms)[0m  [1m            SELECT sql
            FROM sqlite_master
            WHERE name='index_tickets_on_project_id_id' AND type='index'
            UNION ALL
            SELECT sql
            FROM sqlite_temp_master
            WHERE name='index_tickets_on_project_id_id' AND type='index'
[0m
  [1m[36mActiveRecord::SchemaMigration Load (0.5ms)[0m  [1mSELECT "schema_migrations".* FROM "schema_migrations"[0m
  [1m[35mActiveRecord::SchemaMigration Load (0.5ms)[0m  SELECT "schema_migrations".* FROM "schema_migrations"
  [1m[36m (0.5ms)[0m  [1m            SELECT sql
            FROM sqlite_master
            WHERE name='index_tickets_on_project_id_id' AND type='index'
            UNION ALL
            SELECT sql
            FROM sqlite_temp_master
            WHERE name='index_tickets_on_project_id_id' AND type='index'
[0m
  [1m[36mActiveRecord::SchemaMigration Load (0.5ms)[0m  [1mSELECT "schema_migrations".* FROM "schema_migrations"[0m
  [1m[35mActiveRecord::SchemaMigration Load (0.5ms)[0m  SELECT "schema_migrations".* FROM "schema_migrations"
Migrating to AddProjectIdToTicket (20160421181219)
  [1m[36m (0.4ms)[0m  [1mbegin transaction[0m
  [1m[35m (1.6ms)[0m  CREATE TEMPORARY TABLE "atickets" ("id" INTEGER PRIMARY KEY AUTOINCREMENT NOT NULL, "title" varchar, "description" varchar, "created_at" datetime NOT NULL, "updated_at" datetime NOT NULL, "project_id_id" integer) 
  [1m[36m (0.5ms)[0m  [1m            SELECT sql
            FROM sqlite_master
            WHERE name='index_tickets_on_project_id_id' AND type='index'
            UNION ALL
            SELECT sql
            FROM sqlite_temp_master
            WHERE name='index_tickets_on_project_id_id' AND type='index'
[0m
  [1m[35m (0.3ms)[0m  select sqlite_version(*)
  [1m[36m (0.8ms)[0m  [1mCREATE  INDEX "tindex_atickets_on_project_id_id" ON "atickets" ("project_id_id")[0m
  [1m[35m (0.4ms)[0m  SELECT * FROM "tickets"
  [1m[36m (1.4ms)[0m  [1mDROP TABLE "tickets"[0m
  [1m[35m (0.9ms)[0m  CREATE TABLE "tickets" ("id" INTEGER PRIMARY KEY AUTOINCREMENT NOT NULL, "title" varchar, "description" varchar, "created_at" datetime NOT NULL, "updated_at" datetime NOT NULL) 
  [1m[36m (0.4ms)[0m  [1m            SELECT sql
            FROM sqlite_master
            WHERE name='tindex_atickets_on_project_id_id' AND type='index'
            UNION ALL
            SELECT sql
            FROM sqlite_temp_master
            WHERE name='tindex_atickets_on_project_id_id' AND type='index'
[0m
  [1m[35m (0.3ms)[0m  SELECT * FROM "atickets"
  [1m[36m (0.9ms)[0m  [1mDROP TABLE "atickets"[0m
  [1m[35mSQL (1.9ms)[0m  DELETE FROM "schema_migrations" WHERE "schema_migrations"."version" = ?  [["version", "20160421181219"]]
  [1m[36m (157.3ms)[0m  [1mcommit transaction[0m
  [1m[35mActiveRecord::SchemaMigration Load (0.5ms)[0m  SELECT "schema_migrations".* FROM "schema_migrations"
  [1m[36mActiveRecord::SchemaMigration Load (0.5ms)[0m  [1mSELECT "schema_migrations".* FROM "schema_migrations"[0m
  [1m[35mActiveRecord::SchemaMigration Load (0.5ms)[0m  SELECT "schema_migrations".* FROM "schema_migrations"
Migrating to CreateTickets (20160421175416)
  [1m[36m (0.3ms)[0m  [1mbegin transaction[0m
  [1m[35m (1.1ms)[0m  DROP TABLE "tickets"
  [1m[36mSQL (0.7ms)[0m  [1mDELETE FROM "schema_migrations" WHERE "schema_migrations"."version" = ?[0m  [["version", "20160421175416"]]
  [1m[35m (147.3ms)[0m  commit transaction
  [1m[36mActiveRecord::SchemaMigration Load (0.5ms)[0m  [1mSELECT "schema_migrations".* FROM "schema_migrations"[0m
  [1m[36mActiveRecord::SchemaMigration Load (0.5ms)[0m  [1mSELECT "schema_migrations".* FROM "schema_migrations"[0m
Migrating to CreateTickets (20160421175416)
  [1m[35m (0.3ms)[0m  begin transaction
  [1m[36m (1.4ms)[0m  [1mCREATE TABLE "tickets" ("id" INTEGER PRIMARY KEY AUTOINCREMENT NOT NULL, "title" varchar, "description" varchar, "created_at" datetime NOT NULL, "updated_at" datetime NOT NULL) [0m
  [1m[35mSQL (0.7ms)[0m  INSERT INTO "schema_migrations" ("version") VALUES (?)  [["version", "20160421175416"]]
  [1m[36m (155.6ms)[0m  [1mcommit transaction[0m
Migrating to AddProjectIdToTicket (20160421182209)
  [1m[35m (0.4ms)[0m  begin transaction
  [1m[36m (1.5ms)[0m  [1mALTER TABLE "tickets" ADD "project_id" integer[0m
  [1m[35m (0.5ms)[0m  select sqlite_version(*)
  [1m[36m (0.9ms)[0m  [1mCREATE  INDEX "index_tickets_on_project_id" ON "tickets" ("project_id")[0m
  [1m[35mSQL (0.6ms)[0m  INSERT INTO "schema_migrations" ("version") VALUES (?)  [["version", "20160421182209"]]
  [1m[36m (164.3ms)[0m  [1mcommit transaction[0m
  [1m[35mActiveRecord::SchemaMigration Load (0.5ms)[0m  SELECT "schema_migrations".* FROM "schema_migrations"
  [1m[36m (0.5ms)[0m  [1m            SELECT sql
            FROM sqlite_master
            WHERE name='index_tickets_on_project_id' AND type='index'
            UNION ALL
            SELECT sql
            FROM sqlite_temp_master
            WHERE name='index_tickets_on_project_id' AND type='index'
[0m
  [1m[36mActiveRecord::SchemaMigration Load (0.5ms)[0m  [1mSELECT "schema_migrations".* FROM "schema_migrations"[0m
Migrating to DeviseCreateUsers (20160423150103)
  [1m[35m (0.3ms)[0m  begin transaction
  [1m[36m (1.2ms)[0m  [1mCREATE TABLE "users" ("id" INTEGER PRIMARY KEY AUTOINCREMENT NOT NULL, "email" varchar DEFAULT '' NOT NULL, "encrypted_password" varchar DEFAULT '' NOT NULL, "reset_password_token" varchar, "reset_password_sent_at" datetime, "remember_created_at" datetime, "sign_in_count" integer DEFAULT 0 NOT NULL, "current_sign_in_at" datetime, "last_sign_in_at" datetime, "current_sign_in_ip" varchar, "last_sign_in_ip" varchar, "created_at" datetime NOT NULL, "updated_at" datetime NOT NULL) [0m
  [1m[35m (0.3ms)[0m  select sqlite_version(*)
  [1m[36m (1.0ms)[0m  [1mCREATE UNIQUE INDEX "index_users_on_email" ON "users" ("email")[0m
  [1m[35m (0.4ms)[0m              SELECT sql
            FROM sqlite_master
            WHERE name='index_users_on_email' AND type='index'
            UNION ALL
            SELECT sql
            FROM sqlite_temp_master
            WHERE name='index_users_on_email' AND type='index'

  [1m[36m (0.8ms)[0m  [1mCREATE UNIQUE INDEX "index_users_on_reset_password_token" ON "users" ("reset_password_token")[0m
  [1m[35mSQL (0.6ms)[0m  INSERT INTO "schema_migrations" ("version") VALUES (?)  [["version", "20160423150103"]]
  [1m[36m (156.8ms)[0m  [1mcommit transaction[0m
  [1m[35mActiveRecord::SchemaMigration Load (0.5ms)[0m  SELECT "schema_migrations".* FROM "schema_migrations"
  [1m[36m (0.5ms)[0m  [1m            SELECT sql
            FROM sqlite_master
            WHERE name='index_tickets_on_project_id' AND type='index'
            UNION ALL
            SELECT sql
            FROM sqlite_temp_master
            WHERE name='index_tickets_on_project_id' AND type='index'
[0m
  [1m[35m (0.5ms)[0m              SELECT sql
            FROM sqlite_master
            WHERE name='index_users_on_reset_password_token' AND type='index'
            UNION ALL
            SELECT sql
            FROM sqlite_temp_master
            WHERE name='index_users_on_reset_password_token' AND type='index'

  [1m[36m (0.4ms)[0m  [1m            SELECT sql
            FROM sqlite_master
            WHERE name='index_users_on_email' AND type='index'
            UNION ALL
            SELECT sql
            FROM sqlite_temp_master
            WHERE name='index_users_on_email' AND type='index'
[0m
